#
# There is insufficient memory for the Java Runtime Environment to continue.
# Native memory allocation (malloc) failed to allocate 32744 bytes for ChunkPool::allocate
# Possible reasons:
#   The system is out of physical RAM or swap space
#   The process is running with CompressedOops enabled, and the Java Heap may be blocking the growth of the native heap
# Possible solutions:
#   Reduce memory load on the system
#   Increase physical memory or swap space
#   Check if swap backing store is full
#   Decrease Java heap size (-Xmx/-Xms)
#   Decrease number of Java threads
#   Decrease Java thread stack sizes (-Xss)
#   Set larger code cache with -XX:ReservedCodeCacheSize=
#   JVM is running with Unscaled Compressed Oops mode in which the Java heap is
#     placed in the first 4GB address space. The Java Heap base address is the
#     maximum limit for the native heap growth. Please use -XX:HeapBaseMinAddress
#     to set the Java Heap base and to place the Java Heap above 4GB virtual address.
# This output file may be truncated or incomplete.
#
#  Out of Memory Error (allocation.cpp:272), pid=6592, tid=0x0000000000001dd8
#
# JRE version: Java(TM) SE Runtime Environment (8.0_202-b08) (build 1.8.0_202-b08)
# Java VM: Java HotSpot(TM) 64-Bit Server VM (25.202-b08 mixed mode windows-amd64 compressed oops)
# Failed to write core dump. Minidumps are not enabled by default on client versions of Windows
#

---------------  T H R E A D  ---------------

Current thread (0x0000000001dcc800):  JavaThread "Forwarding newSession on session null to remote" [_thread_in_vm, id=7640, stack(0x0000000002150000,0x0000000002250000)]

Stack: [0x0000000002150000,0x0000000002250000]
[error occurred during error reporting (printing stack bounds), id 0xc0000005]

Native frames: (J=compiled Java code, j=interpreted, Vv=VM code, C=native code)

Java frames: (J=compiled Java code, j=interpreted, Vv=VM code)
J 930  java.lang.ClassLoader.defineClass1(Ljava/lang/String;[BIILjava/security/ProtectionDomain;Ljava/lang/String;)Ljava/lang/Class; (0 bytes) @ 0x000000000f35659f [0x000000000f356500+0x9f]
J 910 C1 java.lang.ClassLoader.defineClass(Ljava/lang/String;[BIILjava/security/ProtectionDomain;)Ljava/lang/Class; (43 bytes) @ 0x000000000f34e4cc [0x000000000f34df00+0x5cc]
J 690 C1 java.net.URLClassLoader.defineClass(Ljava/lang/String;Lsun/misc/Resource;)Ljava/lang/Class; (142 bytes) @ 0x000000000f2c1014 [0x000000000f2bf540+0x1ad4]
J 620 C1 java.net.URLClassLoader$1.run()Ljava/lang/Class; (63 bytes) @ 0x000000000f288f6c [0x000000000f288ca0+0x2cc]
J 619 C1 java.net.URLClassLoader$1.run()Ljava/lang/Object; (5 bytes) @ 0x000000000f28890c [0x000000000f288880+0x8c]
v  ~StubRoutines::call_stub
J 301  java.security.AccessController.doPrivileged(Ljava/security/PrivilegedExceptionAction;Ljava/security/AccessControlContext;)Ljava/lang/Object; (0 bytes) @ 0x000000000f1c47e6 [0x000000000f1c4780+0x66]
J 496 C1 java.net.URLClassLoader.findClass(Ljava/lang/String;)Ljava/lang/Class; (47 bytes) @ 0x000000000f234844 [0x000000000f2346c0+0x184]
J 209 C1 java.lang.ClassLoader.loadClass(Ljava/lang/String;Z)Ljava/lang/Class; (122 bytes) @ 0x000000000f17a6cc [0x000000000f179d80+0x94c]
J 363 C1 sun.misc.Launcher$AppClassLoader.loadClass(Ljava/lang/String;Z)Ljava/lang/Class; (85 bytes) @ 0x000000000f1f2bcc [0x000000000f1f2240+0x98c]
J 362 C1 java.lang.ClassLoader.loadClass(Ljava/lang/String;)Ljava/lang/Class; (7 bytes) @ 0x000000000f1f3644 [0x000000000f1f3540+0x104]
v  ~StubRoutines::call_stub
j  com.google.common.net.MediaType.<clinit>()V+11
v  ~StubRoutines::call_stub
j  org.openqa.selenium.remote.http.HttpMessage.getContentEncoding()Ljava/nio/charset/Charset;+16
j  org.openqa.selenium.remote.http.HttpResponse.getContentEncoding()Ljava/nio/charset/Charset;+1
j  org.openqa.selenium.remote.http.Contents.string(Lorg/openqa/selenium/remote/http/HttpMessage;)Ljava/lang/String;+5
j  org.openqa.selenium.remote.ProtocolHandshake.createSession(Lorg/openqa/selenium/remote/http/HttpHandler;Ljava/io/InputStream;J)Lorg/openqa/selenium/internal/Either;+80
j  org.openqa.selenium.remote.ProtocolHandshake.createSession(Lorg/openqa/selenium/remote/http/HttpHandler;Lorg/openqa/selenium/remote/NewSessionPayload;)Lorg/openqa/selenium/internal/Either;+89
j  org.openqa.selenium.remote.ProtocolHandshake.createSession(Lorg/openqa/selenium/remote/http/HttpHandler;Lorg/openqa/selenium/remote/Command;)Lorg/openqa/selenium/remote/ProtocolHandshake$Result;+41
j  org.openqa.selenium.remote.HttpCommandExecutor.execute(Lorg/openqa/selenium/remote/Command;)Lorg/openqa/selenium/remote/Response;+122
j  org.openqa.selenium.remote.service.DriverCommandExecutor.invokeExecute(Lorg/openqa/selenium/remote/Command;)Lorg/openqa/selenium/remote/Response;+2
j  org.openqa.selenium.remote.service.DriverCommandExecutor.execute(Lorg/openqa/selenium/remote/Command;)Lorg/openqa/selenium/remote/Response;+195
j  org.openqa.selenium.remote.RemoteWebDriver.execute(Lorg/openqa/selenium/remote/CommandPayload;)Lorg/openqa/selenium/remote/Response;+76
j  org.openqa.selenium.remote.RemoteWebDriver.startSession(Lorg/openqa/selenium/Capabilities;)V+18
j  org.openqa.selenium.remote.RemoteWebDriver.<init>(Lorg/openqa/selenium/remote/CommandExecutor;Lorg/openqa/selenium/Capabilities;)V+85
j  org.openqa.selenium.chromium.ChromiumDriver.<init>(Lorg/openqa/selenium/remote/CommandExecutor;Lorg/openqa/selenium/Capabilities;Ljava/lang/String;)V+3
j  org.openqa.selenium.chrome.ChromeDriver.<init>(Lorg/openqa/selenium/chrome/ChromeDriverService;Lorg/openqa/selenium/chrome/ChromeOptions;)V+12
j  org.openqa.selenium.chrome.ChromeDriver.<init>()V+11
j  org.zolando.Test2.test2()V+12
v  ~StubRoutines::call_stub
j  sun.reflect.NativeMethodAccessorImpl.invoke0(Ljava/lang/reflect/Method;Ljava/lang/Object;[Ljava/lang/Object;)Ljava/lang/Object;+0
j  sun.reflect.NativeMethodAccessorImpl.invoke(Ljava/lang/Object;[Ljava/lang/Object;)Ljava/lang/Object;+100
j  sun.reflect.DelegatingMethodAccessorImpl.invoke(Ljava/lang/Object;[Ljava/lang/Object;)Ljava/lang/Object;+6
j  java.lang.reflect.Method.invoke(Ljava/lang/Object;[Ljava/lang/Object;)Ljava/lang/Object;+56
j  org.testng.internal.MethodInvocationHelper.invokeMethod(Ljava/lang/reflect/Method;Ljava/lang/Object;[Ljava/lang/Object;)Ljava/lang/Object;+258
j  org.testng.internal.TestInvoker.invokeMethod(Lorg/testng/internal/TestMethodArguments;Lorg/testng/xml/XmlSuite;Lorg/testng/internal/ITestInvoker$FailureContext;)Lorg/testng/ITestResult;+699
j  org.testng.internal.TestInvoker.invokeTestMethod(Lorg/testng/internal/TestMethodArguments;Lorg/testng/xml/XmlSuite;Lorg/testng/internal/ITestInvoker$FailureContext;)Lorg/testng/ITestResult;+16
j  org.testng.internal.MethodRunner.runInSequence(Lorg/testng/internal/TestMethodArguments;Lorg/testng/internal/ITestInvoker;Lorg/testng/ITestContext;Ljava/util/concurrent/atomic/AtomicInteger;Lorg/testng/internal/ITestInvoker$FailureContext;Ljava/util/Iterator;Z)Ljava/util/List;+127
j  org.testng.internal.TestInvoker$MethodInvocationAgent.invoke(I)I+313
j  org.testng.internal.TestInvoker.invokeTestMethods(Lorg/testng/ITestNGMethod;Lorg/testng/internal/ConfigurationGroupMethods;Ljava/lang/Object;Lorg/testng/ITestContext;)Ljava/util/List;+389
j  org.testng.internal.TestMethodWorker.invokeTestMethods(Lorg/testng/ITestNGMethod;Ljava/lang/Object;)V+14
j  org.testng.internal.TestMethodWorker.run()V+127
j  org.testng.TestRunner$$Lambda$91.accept(Ljava/lang/Object;)V+7
j  java.util.ArrayList.forEach(Ljava/util/function/Consumer;)V+47
j  org.testng.TestRunner.privateRun(Lorg/testng/xml/XmlTest;)V+380
j  org.testng.TestRunner.run()V+25
j  org.testng.SuiteRunner.runTest(Lorg/testng/TestRunner;)V+21
j  org.testng.SuiteRunner.runSequentially()V+31
j  org.testng.SuiteRunner.privateRun()V+332
j  org.testng.SuiteRunner.run()V+6
j  org.testng.SuiteRunnerWorker.runSuite(Lorg/testng/internal/SuiteRunnerMap;Lorg/testng/xml/XmlSuite;)V+87
j  org.testng.SuiteRunnerWorker.run()V+12
j  org.testng.TestNG.runSuitesSequentially(Lorg/testng/xml/XmlSuite;Lorg/testng/internal/SuiteRunnerMap;ILjava/lang/String;)V+66
j  org.testng.TestNG.runSuitesLocally()Ljava/util/List;+156
j  org.testng.TestNG.runSuites()Ljava/util/List;+1
j  org.testng.TestNG.run()V+25
j  org.testng.remote.AbstractRemoteTestNG.run()V+149
j  org.testng.remote.RemoteTestNG.initAndRun(Lorg/testng/remote/IRemoteTestNG;[Ljava/lang/String;Lorg/testng/CommandLineArgs;Lorg/testng/remote/RemoteArgs;)V+184
j  org.testng.remote.RemoteTestNG.main([Ljava/lang/String;)V+201
v  ~StubRoutines::call_stub

---------------  P R O C E S S  ---------------

Java Threads: ( => current thread )
  0x0000000008f1b000 JavaThread "AsyncHttpClient-1-2" daemon [_thread_in_native, id=5896, stack(0x000000000cef0000,0x000000000cff0000)]
  0x000000000a5f3000 JavaThread "Exec Stream Pumper" daemon [_thread_in_native, id=7136, stack(0x000000000d010000,0x000000000d110000)]
  0x00000000086fe000 JavaThread "Exec Stream Pumper" daemon [_thread_in_native, id=3132, stack(0x0000000007d30000,0x0000000007e30000)]
  0x0000000007337800 JavaThread "UrlChecker-2" daemon [_thread_blocked, id=6168, stack(0x000000000cdd0000,0x000000000ced0000)]
  0x000000000bff3000 JavaThread "Driver Service Executor" daemon [_thread_blocked, id=7672, stack(0x000000000cc90000,0x000000000cd90000)]
  0x0000000009770000 JavaThread "Driver Service Executor" daemon [_thread_blocked, id=6892, stack(0x000000000cb90000,0x000000000cc90000)]
  0x000000000bd22800 JavaThread "Exec Default Executor" daemon [_thread_in_native, id=7344, stack(0x000000000b830000,0x000000000b930000)]
  0x0000000009366000 JavaThread "AsyncHttpClient-1-1" daemon [_thread_blocked, id=7412, stack(0x000000000b440000,0x000000000b540000)]
  0x000000000865b000 JavaThread "ReaderThread" [_thread_in_native, id=7700, stack(0x0000000009c00000,0x0000000009d00000)]
  0x0000000007138000 JavaThread "Service Thread" daemon [_thread_blocked, id=5356, stack(0x0000000007ac0000,0x0000000007bc0000)]
  0x00000000070d7000 JavaThread "C1 CompilerThread2" daemon [_thread_blocked, id=2564, stack(0x0000000007c10000,0x0000000007d10000)]
  0x00000000070d3800 JavaThread "C2 CompilerThread1" daemon [_thread_blocked, id=7356, stack(0x0000000007960000,0x0000000007a60000)]
  0x0000000005c2f000 JavaThread "C2 CompilerThread0" daemon [_thread_blocked, id=3908, stack(0x0000000007840000,0x0000000007940000)]
  0x0000000005c2c000 JavaThread "Attach Listener" daemon [_thread_blocked, id=6108, stack(0x0000000007570000,0x0000000007670000)]
  0x00000000070cc000 JavaThread "Signal Dispatcher" daemon [_thread_blocked, id=7016, stack(0x00000000076a0000,0x00000000077a0000)]
  0x0000000005c13800 JavaThread "Finalizer" daemon [_thread_blocked, id=5108, stack(0x0000000006fc0000,0x00000000070c0000)]
  0x0000000005c0c800 JavaThread "Reference Handler" daemon [_thread_blocked, id=8060, stack(0x0000000006dd0000,0x0000000006ed0000)]
=>0x0000000001dcc800 JavaThread "Forwarding newSession on session null to remote" [_thread_in_vm, id=7640, stack(0x0000000002150000,0x0000000002250000)]

Other Threads:
  0x0000000005bc5000 VMThread [stack: 0x0000000006c50000,0x0000000006d50000] [id=1412]
  0x000000000718f800 WatcherThread [stack: 0x0000000007ed0000,0x0000000007fd0000] [id=6956]

VM state:not at safepoint (normal execution)

VM Mutex/Monitor currently owned by a thread: None

heap address: 0x00000000c1600000, size: 1002 MB, Compressed Oops mode: 32-bit
Narrow klass base: 0x0000000000000000, Narrow klass shift: 0
Compressed class space size: 1073741824 Address: 0x000000001e010000

Heap:
 PSYoungGen      total 35328K, used 24306K [0x00000000eb200000, 0x00000000efd00000, 0x0000000100000000)
  eden space 32768K, 74% used [0x00000000eb200000,0x00000000ec9bc9d8,0x00000000ed200000)
  from space 2560K, 0% used [0x00000000ed200000,0x00000000ed200000,0x00000000ed480000)
  to   space 5632K, 0% used [0x00000000ef780000,0x00000000ef780000,0x00000000efd00000)
 ParOldGen       total 33792K, used 8025K [0x00000000c1600000, 0x00000000c3700000, 0x00000000eb200000)
  object space 33792K, 23% used [0x00000000c1600000,0x00000000c1dd6550,0x00000000c3700000)
 Metaspace       used 22989K, capacity 24022K, committed 24320K, reserved 1073152K
  class space    used 2990K, capacity 3255K, committed 3328K, reserved 1048576K

Card table byte_map: [0x00000000028e0000,0x0000000002ae0000] byte_map_base: 0x00000000022d5000

Marking Bits: (ParMarkBitMap*) 0x000000006b2e5ce0
 Begin Bits: [0x00000000030e0000, 0x0000000004088000)
 End Bits:   [0x0000000004088000, 0x0000000005030000)

Polling page: 0x0000000000410000

CodeCache: size=245760Kb used=5707Kb max_used=5721Kb free=240052Kb
 bounds [0x000000000f010000, 0x000000000f5b0000, 0x000000001e010000]
 total_blobs=2097 nmethods=1636 adapters=373
 compilation: enabled

Compilation events (10 events):
Event: 31.802 Thread 0x00000000070d7000 1674       3       io.netty.util.HashedWheelTimer$Worker::transferTimeoutsToBuckets (124 bytes)
Event: 31.805 Thread 0x00000000070d7000 nmethod 1674 0x000000000f5a9090 code [0x000000000f5a9260, 0x000000000f5a9a98]
Event: 31.805 Thread 0x00000000070d7000 1673   !   3       io.netty.util.HashedWheelTimer$Worker::processCancelledTasks (57 bytes)
Event: 31.809 Thread 0x00000000070d7000 nmethod 1673 0x000000000f5a0790 code [0x000000000f5a09e0, 0x000000000f5a1998]
Event: 33.005 Thread 0x00000000070d7000 1675       3       java.io.WinNTFileSystem::parentOrNull (171 bytes)
Event: 33.010 Thread 0x00000000070d7000 nmethod 1675 0x000000000f121a90 code [0x000000000f121cc0, 0x000000000f122a18]
Event: 33.011 Thread 0x00000000070d7000 1676       1       io.netty.channel.DefaultChannelPipeline::channel (5 bytes)
Event: 33.011 Thread 0x00000000070d7000 nmethod 1676 0x000000000f5a04d0 code [0x000000000f5a0620, 0x000000000f5a0730]
Event: 34.033 Thread 0x00000000070d3800 1677       4       java.util.jar.JarFile::maybeInstantiateVerifier (96 bytes)
Event: 34.961 Thread 0x00000000070d3800 nmethod 1677 0x000000000f5aae10 code [0x000000000f5ab160, 0x000000000f5ac840]

GC Heap History (10 events):
Event: 5.376 GC heap before
{Heap before GC invocations=2 (full 0):
 PSYoungGen      total 18944K, used 18940K [0x00000000eb200000, 0x00000000ec700000, 0x0000000100000000)
  eden space 16384K, 100% used [0x00000000eb200000,0x00000000ec200000,0x00000000ec200000)
  from space 2560K, 99% used [0x00000000ec200000,0x00000000ec47f1f0,0x00000000ec480000)
  to   space 2560K, 0% used [0x00000000ec480000,0x00000000ec480000,0x00000000ec700000)
 ParOldGen       total 44032K, used 1361K [0x00000000c1600000, 0x00000000c4100000, 0x00000000eb200000)
  object space 44032K, 3% used [0x00000000c1600000,0x00000000c17545c8,0x00000000c4100000)
 Metaspace       used 12443K, capacity 12868K, committed 12928K, reserved 1060864K
  class space    used 1526K, capacity 1660K, committed 1664K, reserved 1048576K
Event: 5.404 GC heap after
Heap after GC invocations=2 (full 0):
 PSYoungGen      total 18944K, used 2528K [0x00000000eb200000, 0x00000000ed700000, 0x0000000100000000)
  eden space 16384K, 0% used [0x00000000eb200000,0x00000000eb200000,0x00000000ec200000)
  from space 2560K, 98% used [0x00000000ec480000,0x00000000ec6f8040,0x00000000ec700000)
  to   space 2560K, 0% used [0x00000000ec200000,0x00000000ec200000,0x00000000ec480000)
 ParOldGen       total 44032K, used 3330K [0x00000000c1600000, 0x00000000c4100000, 0x00000000eb200000)
  object space 44032K, 7% used [0x00000000c1600000,0x00000000c1940998,0x00000000c4100000)
 Metaspace       used 12443K, capacity 12868K, committed 12928K, reserved 1060864K
  class space    used 1526K, capacity 1660K, committed 1664K, reserved 1048576K
}
Event: 6.710 GC heap before
{Heap before GC invocations=3 (full 0):
 PSYoungGen      total 18944K, used 18912K [0x00000000eb200000, 0x00000000ed700000, 0x0000000100000000)
  eden space 16384K, 100% used [0x00000000eb200000,0x00000000ec200000,0x00000000ec200000)
  from space 2560K, 98% used [0x00000000ec480000,0x00000000ec6f8040,0x00000000ec700000)
  to   space 2560K, 0% used [0x00000000ec200000,0x00000000ec200000,0x00000000ec480000)
 ParOldGen       total 44032K, used 3330K [0x00000000c1600000, 0x00000000c4100000, 0x00000000eb200000)
  object space 44032K, 7% used [0x00000000c1600000,0x00000000c1940998,0x00000000c4100000)
 Metaspace       used 15744K, capacity 16268K, committed 16512K, reserved 1062912K
  class space    used 1942K, capacity 2086K, committed 2176K, reserved 1048576K
Event: 6.822 GC heap after
Heap after GC invocations=3 (full 0):
 PSYoungGen      total 18944K, used 2544K [0x00000000eb200000, 0x00000000ed700000, 0x0000000100000000)
  eden space 16384K, 0% used [0x00000000eb200000,0x00000000eb200000,0x00000000ec200000)
  from space 2560K, 99% used [0x00000000ec200000,0x00000000ec47c060,0x00000000ec480000)
  to   space 2560K, 0% used [0x00000000ed480000,0x00000000ed480000,0x00000000ed700000)
 ParOldGen       total 44032K, used 5495K [0x00000000c1600000, 0x00000000c4100000, 0x00000000eb200000)
  object space 44032K, 12% used [0x00000000c1600000,0x00000000c1b5dd60,0x00000000c4100000)
 Metaspace       used 15744K, capacity 16268K, committed 16512K, reserved 1062912K
  class space    used 1942K, capacity 2086K, committed 2176K, reserved 1048576K
}
Event: 8.591 GC heap before
{Heap before GC invocations=4 (full 0):
 PSYoungGen      total 18944K, used 18928K [0x00000000eb200000, 0x00000000ed700000, 0x0000000100000000)
  eden space 16384K, 100% used [0x00000000eb200000,0x00000000ec200000,0x00000000ec200000)
  from space 2560K, 99% used [0x00000000ec200000,0x00000000ec47c060,0x00000000ec480000)
  to   space 2560K, 0% used [0x00000000ed480000,0x00000000ed480000,0x00000000ed700000)
 ParOldGen       total 44032K, used 5495K [0x00000000c1600000, 0x00000000c4100000, 0x00000000eb200000)
  object space 44032K, 12% used [0x00000000c1600000,0x00000000c1b5dd60,0x00000000c4100000)
 Metaspace       used 18328K, capacity 18840K, committed 19072K, reserved 1067008K
  class space    used 2263K, capacity 2422K, committed 2432K, reserved 1048576K
Event: 8.616 GC heap after
Heap after GC invocations=4 (full 0):
 PSYoungGen      total 35328K, used 2528K [0x00000000eb200000, 0x00000000ed700000, 0x0000000100000000)
  eden space 32768K, 0% used [0x00000000eb200000,0x00000000eb200000,0x00000000ed200000)
  from space 2560K, 98% used [0x00000000ed480000,0x00000000ed6f8040,0x00000000ed700000)
  to   space 2560K, 0% used [0x00000000ed200000,0x00000000ed200000,0x00000000ed480000)
 ParOldGen       total 44032K, used 8378K [0x00000000c1600000, 0x00000000c4100000, 0x00000000eb200000)
  object space 44032K, 19% used [0x00000000c1600000,0x00000000c1e2e9f0,0x00000000c4100000)
 Metaspace       used 18328K, capacity 18840K, committed 19072K, reserved 1067008K
  class space    used 2263K, capacity 2422K, committed 2432K, reserved 1048576K
}
Event: 13.123 GC heap before
{Heap before GC invocations=5 (full 0):
 PSYoungGen      total 35328K, used 14793K [0x00000000eb200000, 0x00000000ed700000, 0x0000000100000000)
  eden space 32768K, 37% used [0x00000000eb200000,0x00000000ebdfa710,0x00000000ed200000)
  from space 2560K, 98% used [0x00000000ed480000,0x00000000ed6f8040,0x00000000ed700000)
  to   space 2560K, 0% used [0x00000000ed200000,0x00000000ed200000,0x00000000ed480000)
 ParOldGen       total 44032K, used 8378K [0x00000000c1600000, 0x00000000c4100000, 0x00000000eb200000)
  object space 44032K, 19% used [0x00000000c1600000,0x00000000c1e2e9f0,0x00000000c4100000)
 Metaspace       used 20293K, capacity 21198K, committed 21248K, reserved 1067008K
  class space    used 2575K, capacity 2807K, committed 2816K, reserved 1048576K
Event: 13.150 GC heap after
Heap after GC invocations=5 (full 0):
 PSYoungGen      total 35328K, used 2535K [0x00000000eb200000, 0x00000000efd00000, 0x0000000100000000)
  eden space 32768K, 0% used [0x00000000eb200000,0x00000000eb200000,0x00000000ed200000)
  from space 2560K, 99% used [0x00000000ed200000,0x00000000ed479cd8,0x00000000ed480000)
  to   space 5632K, 0% used [0x00000000ef780000,0x00000000ef780000,0x00000000efd00000)
 ParOldGen       total 44032K, used 9957K [0x00000000c1600000, 0x00000000c4100000, 0x00000000eb200000)
  object space 44032K, 22% used [0x00000000c1600000,0x00000000c1fb95e8,0x00000000c4100000)
 Metaspace       used 20293K, capacity 21198K, committed 21248K, reserved 1067008K
  class space    used 2575K, capacity 2807K, committed 2816K, reserved 1048576K
}
Event: 13.150 GC heap before
{Heap before GC invocations=6 (full 1):
 PSYoungGen      total 35328K, used 2535K [0x00000000eb200000, 0x00000000efd00000, 0x0000000100000000)
  eden space 32768K, 0% used [0x00000000eb200000,0x00000000eb200000,0x00000000ed200000)
  from space 2560K, 99% used [0x00000000ed200000,0x00000000ed479cd8,0x00000000ed480000)
  to   space 5632K, 0% used [0x00000000ef780000,0x00000000ef780000,0x00000000efd00000)
 ParOldGen       total 44032K, used 9957K [0x00000000c1600000, 0x00000000c4100000, 0x00000000eb200000)
  object space 44032K, 22% used [0x00000000c1600000,0x00000000c1fb95e8,0x00000000c4100000)
 Metaspace       used 20293K, capacity 21198K, committed 21248K, reserved 1067008K
  class space    used 2575K, capacity 2807K, committed 2816K, reserved 1048576K
Event: 13.323 GC heap after
Heap after GC invocations=6 (full 1):
 PSYoungGen      total 35328K, used 0K [0x00000000eb200000, 0x00000000efd00000, 0x0000000100000000)
  eden space 32768K, 0% used [0x00000000eb200000,0x00000000eb200000,0x00000000ed200000)
  from space 2560K, 0% used [0x00000000ed200000,0x00000000ed200000,0x00000000ed480000)
  to   space 5632K, 0% used [0x00000000ef780000,0x00000000ef780000,0x00000000efd00000)
 ParOldGen       total 33792K, used 8025K [0x00000000c1600000, 0x00000000c3700000, 0x00000000eb200000)
  object space 33792K, 23% used [0x00000000c1600000,0x00000000c1dd6550,0x00000000c3700000)
 Metaspace       used 20293K, capacity 21198K, committed 21248K, reserved 1067008K
  class space    used 2575K, capacity 2807K, committed 2816K, reserved 1048576K
}

Deoptimization events (10 events):
Event: 6.616 Thread 0x0000000001dcc800 Uncommon trap: reason=bimorphic action=maybe_recompile pc=0x000000000f3be24c method=java.util.HashMap.putVal(ILjava/lang/Object;Ljava/lang/Object;ZZ)Ljava/lang/Object; @ 203
Event: 8.377 Thread 0x0000000001dcc800 Uncommon trap: reason=unstable_if action=reinterpret pc=0x000000000f4b80a0 method=java.util.Arrays.equals([B[B)Z @ 2
Event: 8.867 Thread 0x0000000001dcc800 Uncommon trap: reason=class_check action=maybe_recompile pc=0x000000000f4b400c method=java.util.regex.Matcher.search(I)Z @ 86
Event: 8.867 Thread 0x0000000001dcc800 Uncommon trap: reason=class_check action=maybe_recompile pc=0x000000000f4b400c method=java.util.regex.Matcher.search(I)Z @ 86
Event: 8.867 Thread 0x0000000001dcc800 Uncommon trap: reason=class_check action=maybe_recompile pc=0x000000000f4b400c method=java.util.regex.Matcher.search(I)Z @ 86
Event: 8.867 Thread 0x0000000001dcc800 Uncommon trap: reason=class_check action=maybe_recompile pc=0x000000000f4b400c method=java.util.regex.Matcher.search(I)Z @ 86
Event: 8.933 Thread 0x0000000001dcc800 Uncommon trap: reason=unstable_if action=reinterpret pc=0x000000000f191444 method=java.lang.String.replace(CC)Ljava/lang/String; @ 2
Event: 9.006 Thread 0x0000000007337800 Uncommon trap: reason=unstable_if action=reinterpret pc=0x000000000f462fdc method=java.lang.CharacterDataLatin1.digit(II)I @ 82
Event: 9.519 Thread 0x0000000007337800 Uncommon trap: reason=unstable_if action=reinterpret pc=0x000000000f46ac44 method=java.lang.CharacterDataLatin1.digit(II)I @ 82
Event: 13.634 Thread 0x0000000001dcc800 Uncommon trap: reason=unstable_if action=reinterpret pc=0x000000000f41f4d8 method=java.util.regex.Pattern$BmpCharProperty.match(Ljava/util/regex/Matcher;ILjava/lang/CharSequence;)Z @ 34

Classes redefined (0 events):
No events

Internal exceptions (10 events):
Event: 8.865 Thread 0x0000000001dcc800 Exception <a 'java/lang/NoSuchMethodError': java.lang.Object.lambda$or$2(Ljava/util/function/Predicate;Ljava/lang/Object;)Z> (0x00000000eb681218) thrown at [C:\re\workspace\8-2-build-windows-amd64-cygwin\jdk8u202\12323\hotspot\src\share\vm\interpreter\lin
Event: 9.508 Thread 0x0000000007337800 Exception <a 'java/net/SocketTimeoutException': connect timed out> (0x00000000eb8ded90) thrown at [C:\re\workspace\8-2-build-windows-amd64-cygwin\jdk8u202\12323\hotspot\src\share\vm\prims\jni.cpp, line 736]
Event: 10.020 Thread 0x0000000007337800 Exception <a 'java/net/SocketTimeoutException': connect timed out> (0x00000000eb8e0268) thrown at [C:\re\workspace\8-2-build-windows-amd64-cygwin\jdk8u202\12323\hotspot\src\share\vm\prims\jni.cpp, line 736]
Event: 10.543 Thread 0x0000000007337800 Exception <a 'java/net/SocketTimeoutException': connect timed out> (0x00000000eb8e1740) thrown at [C:\re\workspace\8-2-build-windows-amd64-cygwin\jdk8u202\12323\hotspot\src\share\vm\prims\jni.cpp, line 736]
Event: 11.083 Thread 0x0000000007337800 Exception <a 'java/net/SocketTimeoutException': connect timed out> (0x00000000eb8e2c18) thrown at [C:\re\workspace\8-2-build-windows-amd64-cygwin\jdk8u202\12323\hotspot\src\share\vm\prims\jni.cpp, line 736]
Event: 11.664 Thread 0x0000000007337800 Exception <a 'java/net/SocketTimeoutException': connect timed out> (0x00000000eb8e40f0) thrown at [C:\re\workspace\8-2-build-windows-amd64-cygwin\jdk8u202\12323\hotspot\src\share\vm\prims\jni.cpp, line 736]
Event: 12.324 Thread 0x0000000007337800 Exception <a 'java/net/SocketTimeoutException': connect timed out> (0x00000000eb8e55c8) thrown at [C:\re\workspace\8-2-build-windows-amd64-cygwin\jdk8u202\12323\hotspot\src\share\vm\prims\jni.cpp, line 736]
Event: 12.712 Thread 0x0000000001dcc800 Exception <a 'java/lang/NoSuchMethodError': java.lang.Object.lambda$andThen$1(Ljava/util/function/Function;Ljava/lang/Object;)Ljava/lang/Object;> (0x00000000eb9bbb80) thrown at [C:\re\workspace\8-2-build-windows-amd64-cygwin\jdk8u202\12323\hotspot\src\sha
Event: 12.925 Thread 0x0000000001dcc800 Exception <a 'java/lang/NoSuchMethodError': java.lang.Object.lambda$chars$0()Ljava/util/Spliterator$OfInt;> (0x00000000ebb989d0) thrown at [C:\re\workspace\8-2-build-windows-amd64-cygwin\jdk8u202\12323\hotspot\src\share\vm\interpreter\linkResolver.cpp, li
Event: 13.401 Thread 0x0000000001dcc800 Exception <a 'java/lang/NoSuchMethodError': java.lang.Object.lambda$negate$1(Ljava/lang/Object;)Z> (0x00000000eb2d01e0) thrown at [C:\re\workspace\8-2-build-windows-amd64-cygwin\jdk8u202\12323\hotspot\src\share\vm\interpreter\linkResolver.cpp, line 620]

Events (10 events):
Event: 34.030 loading class com/google/common/collect/ImmutableMultimap$Keys
Event: 34.030 loading class com/google/common/collect/ImmutableMultimap$Keys done
Event: 34.031 loading class com/google/common/collect/ImmutableMultimap$2
Event: 34.031 loading class com/google/common/collect/ImmutableMultimap$2 done
Event: 34.032 loading class com/google/common/collect/ImmutableMultimap$1
Event: 34.032 loading class com/google/common/collect/ImmutableMultimap$1 done
Event: 34.033 loading class com/google/common/collect/ImmutableMultimap$Values
Event: 34.033 loading class com/google/common/collect/ImmutableMultimap$Values done
Event: 34.035 loading class com/google/common/collect/EmptyImmutableListMultimap
Event: 34.035 loading class com/google/common/collect/EmptyImmutableListMultimap done


Dynamic libraries:
0x000000013f2d0000 - 0x000000013f307000 	C:\Program Files\Java\jdk1.8.0_202\bin\javaw.exe
0x0000000077760000 - 0x0000000077909000 	C:\Windows\SYSTEM32\ntdll.dll
0x0000000077540000 - 0x000000007765f000 	C:\Windows\system32\kernel32.dll
0x000007fefd680000 - 0x000007fefd6eb000 	C:\Windows\system32\KERNELBASE.dll
0x000007feff390000 - 0x000007feff46b000 	C:\Windows\system32\ADVAPI32.dll
0x000007fefd970000 - 0x000007fefda0f000 	C:\Windows\system32\msvcrt.dll
0x000007feffa50000 - 0x000007feffa6f000 	C:\Windows\SYSTEM32\sechost.dll
0x000007fefda10000 - 0x000007fefdb3d000 	C:\Windows\system32\RPCRT4.dll
0x0000000077660000 - 0x000000007775a000 	C:\Windows\system32\USER32.dll
0x000007fefde50000 - 0x000007fefdeb7000 	C:\Windows\system32\GDI32.dll
0x000007feff470000 - 0x000007feff47e000 	C:\Windows\system32\LPK.dll
0x000007feff750000 - 0x000007feff819000 	C:\Windows\system32\USP10.dll
0x000007fefbb10000 - 0x000007fefbd04000 	C:\Windows\WinSxS\amd64_microsoft.windows.common-controls_6595b64144ccf1df_6.0.7601.17514_none_fa396087175ac9ac\COMCTL32.dll
0x000007feff900000 - 0x000007feff971000 	C:\Windows\system32\SHLWAPI.dll
0x000007feff980000 - 0x000007feff9ae000 	C:\Windows\system32\IMM32.DLL
0x000007feff050000 - 0x000007feff159000 	C:\Windows\system32\MSCTF.dll
0x000007fefd440000 - 0x000007fefd471000 	C:\Windows\system32\nvinitx.dll
0x000007fefd430000 - 0x000007fefd43c000 	C:\Windows\system32\VERSION.dll
0x000000000f000000 - 0x000000000f006000 	C:\Program Files\NVIDIA Corporation\CoProcManager\detoured.dll
0x000007fefad30000 - 0x000007fefad61000 	C:\Program Files\NVIDIA Corporation\CoProcManager\nvd3d9wrapx.dll
0x000007feff160000 - 0x000007feff337000 	C:\Windows\system32\SETUPAPI.dll
0x000007fefd890000 - 0x000007fefd8c6000 	C:\Windows\system32\CFGMGR32.dll
0x000007feff820000 - 0x000007feff8f7000 	C:\Windows\system32\OLEAUT32.dll
0x000007fefdba0000 - 0x000007fefdda3000 	C:\Windows\system32\ole32.dll
0x000007fefd700000 - 0x000007fefd71a000 	C:\Windows\system32\DEVOBJ.dll
0x000007fefa910000 - 0x000007fefa932000 	C:\Program Files\NVIDIA Corporation\CoProcManager\nvdxgiwrapx.dll
0x0000000071660000 - 0x0000000071732000 	C:\Program Files\Java\jdk1.8.0_202\jre\bin\msvcr100.dll
0x000000006aac0000 - 0x000000006b365000 	C:\Program Files\Java\jdk1.8.0_202\jre\bin\server\jvm.dll
0x000007fee96c0000 - 0x000007fee96c9000 	C:\Windows\system32\WSOCK32.dll
0x000007feff340000 - 0x000007feff38d000 	C:\Windows\system32\WS2_32.dll
0x000007feff040000 - 0x000007feff048000 	C:\Windows\system32\NSI.dll
0x000007fefb1a0000 - 0x000007fefb1db000 	C:\Windows\system32\WINMM.dll
0x0000000077930000 - 0x0000000077937000 	C:\Windows\system32\PSAPI.DLL
0x000007fee9400000 - 0x000007fee940f000 	C:\Program Files\Java\jdk1.8.0_202\jre\bin\verify.dll
0x000007fee93d0000 - 0x000007fee93f9000 	C:\Program Files\Java\jdk1.8.0_202\jre\bin\java.dll
0x000007fee93b0000 - 0x000007fee93c6000 	C:\Program Files\Java\jdk1.8.0_202\jre\bin\zip.dll
0x000007fefe2b0000 - 0x000007feff038000 	C:\Windows\system32\SHELL32.dll
0x000007fefd520000 - 0x000007fefd52f000 	C:\Windows\system32\profapi.dll
0x000007fef29a0000 - 0x000007fef29ba000 	C:\Program Files\Java\jdk1.8.0_202\jre\bin\net.dll
0x000007fefe120000 - 0x000007fefe2a5000 	C:\Windows\system32\urlmon.dll
0x000007fefd540000 - 0x000007fefd544000 	C:\Windows\system32\api-ms-win-downlevel-ole32-l1-1-0.dll
0x000007fefd6f0000 - 0x000007fefd6f4000 	C:\Windows\system32\api-ms-win-downlevel-shlwapi-l1-1-0.dll
0x000007fefd530000 - 0x000007fefd535000 	C:\Windows\system32\api-ms-win-downlevel-advapi32-l1-1-0.dll
0x000007fefd630000 - 0x000007fefd634000 	C:\Windows\system32\api-ms-win-downlevel-user32-l1-1-0.dll
0x000007fefd570000 - 0x000007fefd574000 	C:\Windows\system32\api-ms-win-downlevel-version-l1-1-0.dll
0x000007fefd620000 - 0x000007fefd623000 	C:\Windows\system32\api-ms-win-downlevel-normaliz-l1-1-0.dll
0x0000000077920000 - 0x0000000077923000 	C:\Windows\system32\normaliz.DLL
0x000007feff480000 - 0x000007feff747000 	C:\Windows\system32\iertutil.dll
0x000007fefdec0000 - 0x000007fefe11a000 	C:\Windows\system32\WININET.dll
0x000007fefd550000 - 0x000007fefd56e000 	C:\Windows\system32\USERENV.dll
0x000007fefcca0000 - 0x000007fefccf5000 	C:\Windows\system32\mswsock.dll
0x000007fefcc90000 - 0x000007fefcc97000 	C:\Windows\System32\wship6.dll
0x000007fefc660000 - 0x000007fefc667000 	C:\Windows\System32\wshtcpip.dll
0x000007fefcb20000 - 0x000007fefcb7b000 	C:\Windows\system32\DNSAPI.dll
0x000007fefab10000 - 0x000007fefab37000 	C:\Windows\system32\IPHLPAPI.DLL
0x000007fefab00000 - 0x000007fefab0b000 	C:\Windows\system32\WINNSI.DLL
0x000007fef4580000 - 0x000007fef4588000 	C:\Windows\system32\rasadhlp.dll
0x000007fefa990000 - 0x000007fefa9e3000 	C:\Windows\System32\fwpuclnt.dll
0x000007fefcd00000 - 0x000007fefcd17000 	C:\Windows\system32\CRYPTSP.dll
0x000007fefc9c0000 - 0x000007fefca07000 	C:\Windows\system32\rsaenh.dll
0x000007fefd360000 - 0x000007fefd36f000 	C:\Windows\system32\CRYPTBASE.dll
0x000007fefa880000 - 0x000007fefa898000 	C:\Windows\system32\dhcpcsvc.DLL
0x000007fefa860000 - 0x000007fefa871000 	C:\Windows\system32\dhcpcsvc6.DLL
0x000007fef2980000 - 0x000007fef2992000 	C:\Program Files\Java\jdk1.8.0_202\jre\bin\nio.dll
0x000007fef2d40000 - 0x000007fef2d64000 	C:\Program Files\Java\jdk1.8.0_202\jre\bin\sunec.dll
0x000007fef2410000 - 0x000007fef241b000 	C:\Program Files\Java\jdk1.8.0_202\jre\bin\sunmscapi.dll
0x000007fefd720000 - 0x000007fefd887000 	C:\Windows\system32\CRYPT32.dll
0x000007fefd510000 - 0x000007fefd51f000 	C:\Windows\system32\MSASN1.dll
0x000007fefd300000 - 0x000007fefd357000 	C:\Windows\system32\apphelp.dll
0x000007fef2970000 - 0x000007fef297d000 	C:\Program Files\Java\jdk1.8.0_202\jre\bin\management.dll
0x000007fefb970000 - 0x000007fefb985000 	C:\Windows\system32\NLAapi.dll
0x000007fee9730000 - 0x000007fee9745000 	C:\Windows\system32\napinsp.dll
0x000007fee9710000 - 0x000007fee9729000 	C:\Windows\system32\pnrpnsp.dll
0x000007fee9700000 - 0x000007fee970b000 	C:\Windows\System32\winrnr.dll
0x000007fee96f0000 - 0x000007fee9700000 	C:\Windows\system32\wshbth.dll

VM Arguments:
jvm_args: -ea -Dfile.encoding=UTF-8 
java_command: org.testng.remote.RemoteTestNG -serport 51715 -protocol json -d G:\Eclipse\Zolando_OnlineShoppingPOrtal_Selenium_FrameWork\test-output C:\Users\PREM\AppData\Local\Temp\testng-eclipse-753235823\testng-customsuite.xml
java_class_path (initial): D:\Softwares\luna\eclipse\configuration\org.eclipse.osgi\431\0\.cp\lib\testng-remote.jar;G:\Eclipse\Zolando_OnlineShoppingPOrtal_Selenium_FrameWork\target\test-classes;G:\Eclipse\Zolando_OnlineShoppingPOrtal_Selenium_FrameWork\target\classes;D:\Softwares\luna\eclipse\plugins\org.testng_7.4.0.r202105021533.jar;D:\Softwares\luna\eclipse\plugins\com.beust.jcommander_1.78.0.jar;D:\Softwares\luna\eclipse\plugins\org.apache-extras.beanshell.bsh_2.0.0.b6.jar;D:\Softwares\luna\eclipse\plugins\org.yaml.snakeyaml_1.27.0.v20201111-1638.jar;D:\Softwares\luna\eclipse\plugins\org.webjars.jquery_3.5.1.jar;C:\Users\PREM\.m2\repository\org\seleniumhq\selenium\selenium-java\4.4.0\selenium-java-4.4.0.jar;C:\Users\PREM\.m2\repository\org\seleniumhq\selenium\selenium-api\4.4.0\selenium-api-4.4.0.jar;C:\Users\PREM\.m2\repository\org\seleniumhq\selenium\selenium-chrome-driver\4.4.0\selenium-chrome-driver-4.4.0.jar;C:\Users\PREM\.m2\repository\com\google\auto\service\auto-service-annotations\1.0.1\auto-service-annotations-1.0.1.jar;C:\Users\PREM\.m2\repository\com\google\auto\service\auto-service\1.0.1\auto-service-1.0.1.jar;C:\Users\PREM\.m2\repository\com\google\auto\auto-common\1.2\auto-common-1.2.jar;C:\Users\PREM\.m2\repository\com\google\guava\guava\31.1-jre\guava-31.1-jre.jar;C:\Users\PREM\.m2\repository\com\google\guava\failureaccess\1.0.1\failureaccess-1.0.1.jar;C:\Users\PREM\.m2\repository\com\google\guava\listenablefuture\9999.0-empty-to-avoid-conflict-with-guava\listenablefuture-9999.0-empty-to-avoid-conflict-with-guava.jar;C:\Users\PREM\.m2\repository\com\google\code\findbugs\jsr305\3.0.2\jsr305-3.0.2.jar;C:\Users\PREM\.m2\repository\org\checkerframework\checker-qual\3.12.0\checker-qual-3.12.0.jar;C:\Users\PREM\.m2\repository\com\google\errorprone\error_prone_annotations\2.11.0\error_prone_annotations-2.11.0.jar;C:\Users\PREM\.m2\repository\com\google\j2objc\j2objc-annotations\1.3\j2objc-annotations-1.3.jar;C:\Users\PREM\.m2\repository\org\selenium
Launcher Type: SUN_STANDARD

Environment Variables:
JAVA_HOME=C:\Program Files\Java\jdk1.8.0_202
PATH=D:/Softwares/luna/eclipse//plugins/org.eclipse.justj.openjdk.hotspot.jre.full.win32.x86_64_17.0.3.v20220515-1416/jre/bin/server;D:/Softwares/luna/eclipse//plugins/org.eclipse.justj.openjdk.hotspot.jre.full.win32.x86_64_17.0.3.v20220515-1416/jre/bin;C:\PROGRAM FILES (X86)\COMMON FILES\ORACLE\JAVA\JAVAPATH;G:\APP\PREM\PRODUCT\11.2.0\DBHOME_1\BIN;C:\PROGRAM FILES\DELL\DW WLAN CARD;C:\WINDOWS\SYSTEM32;C:\WINDOWS;C:\WINDOWS\SYSTEM32\WBEM;C:\WINDOWS\SYSTEM32\WINDOWSPOWERSHELL\V1.0\;C:\PROGRAM FILES (X86)\NVIDIA CORPORATION\PHYSX\COMMON;C:\PROGRAM FILES\DOTNET\;D:\Softwares\gradle\gradle-7.4.2\bin;C:\Program Files\Java\jdk1.8.0_202\bin;C:\Program Files\Java\jdk1.8.0_202\lib;C:\Program Files\Java\jdk1.8.0_202\bin;C:\Program Files\apache-maven-3.8.6\bin;C:\Program Files\Git\cmd;C:\Users\PREM\AppData\Local\Programs\Python\Python38\Scripts\;C:\Users\PREM\AppData\Local\Programs\Python\Python38\;C:\Users\PREM\.dotnet\tools;D:\Softwares\luna\eclipse;
USERNAME=PREM
OS=Windows_NT
PROCESSOR_IDENTIFIER=Intel64 Family 6 Model 61 Stepping 4, GenuineIntel



---------------  S Y S T E M  ---------------

OS: Windows 7 , 64 bit Build 7601 (6.1.7601.18015)

CPU:total 4 (initial active 4) (2 cores per cpu, 2 threads per core) family 6 model 61 stepping 4, cmov, cx8, fxsr, mmx, sse, sse2, sse3, ssse3, sse4.1, sse4.2, popcnt, avx, avx2, aes, clmul, erms, 3dnowpref, lzcnt, ht, tsc, tscinvbit, bmi1, bmi2, adx

Memory: 4k page, physical 4103412k(694452k free), swap 9627832k(1180720k free)

vm_info: Java HotSpot(TM) 64-Bit Server VM (25.202-b08) for windows-amd64 JRE (1.8.0_202-b08), built on Dec 15 2018 19:54:30 by "java_re" with MS VC++ 10.0 (VS2010)

time: Fri Sep 23 14:54:34 2022
timezone: India Standard Time
elapsed time: 35 seconds (0d 0h 0m 35s)

